<?xml version="1.0" encoding="UTF-8"?>
<testng-results skipped="0" failed="0" total="1" passed="1">
  <reporter-output>
  </reporter-output>
  <suite name="Default suite" duration-ms="77178" started-at="2015-05-28T21:53:26Z" finished-at="2015-05-28T21:54:43Z">
    <groups>
    </groups>
    <test name="Default test" duration-ms="77178" started-at="2015-05-28T21:53:26Z" finished-at="2015-05-28T21:54:43Z">
      <class name="scripts.LockRequest">
        <test-method status="PASS" signature="beforeTest()[pri:0, instance:scripts.LockRequest@769c9116]" name="beforeTest" is-config="true" duration-ms="43716" started-at="2015-05-28T14:53:26Z" finished-at="2015-05-28T14:54:09Z">
          <reporter-output>
          </reporter-output>
        </test-method> <!-- beforeTest -->
        <test-method status="PASS" signature="lockRequest()[pri:0, instance:scripts.LockRequest@769c9116]" name="lockRequest" duration-ms="33440" started-at="2015-05-28T14:54:09Z" finished-at="2015-05-28T14:54:43Z">
          <reporter-output>
          </reporter-output>
        </test-method> <!-- lockRequest -->
      </class> <!-- scripts.LockRequest -->
    </test> <!-- Default test -->
  </suite> <!-- Default suite -->
</testng-results>
